[debug] [2023-12-06T03:52:38.478Z] ----------------------------------------------------------------------
[debug] [2023-12-06T03:52:38.482Z] Command:       C:\Program Files\nodejs\node.exe D:\Users\ermartinezm\AppData\Roaming\npm\node_modules\firebase-tools\lib\bin\firebase.js init
[debug] [2023-12-06T03:52:38.483Z] CLI Version:   12.9.1
[debug] [2023-12-06T03:52:38.483Z] Platform:      win32
[debug] [2023-12-06T03:52:38.484Z] Node Version:  v20.5.1
[debug] [2023-12-06T03:52:38.484Z] Time:          Tue Dec 05 2023 21:52:38 GMT-0600 (hora estándar central)
[debug] [2023-12-06T03:52:38.484Z] ----------------------------------------------------------------------
[debug] 
[debug] [2023-12-06T03:52:38.493Z] > command requires scopes: ["email","openid","https://www.googleapis.com/auth/cloudplatformprojects.readonly","https://www.googleapis.com/auth/firebase","https://www.googleapis.com/auth/cloud-platform"]
[debug] [2023-12-06T03:52:38.494Z] > authorizing via signed-in user (arielmtzamez@gmail.com)
[info] 
     ######## #### ########  ######## ########     ###     ######  ########
     ##        ##  ##     ## ##       ##     ##  ##   ##  ##       ##
     ######    ##  ########  ######   ########  #########  ######  ######
     ##        ##  ##    ##  ##       ##     ## ##     ##       ## ##
     ##       #### ##     ## ######## ########  ##     ##  ######  ########

You're about to initialize a Firebase project in this directory:

  D:\Users\ermartinezm\aplicacion-final

[info] 
=== Project Setup
[info] 
[info] First, let's associate this project directory with a Firebase project.
[info] You can create multiple project aliases by running firebase use --add, 
[info] but for now we'll just set up a default project.
[info] 
[info] i  If you want to create a project in a Google Cloud organization or folder, please use "firebase projects:create" instead, and return to this command when you've created the project. 
